<?xml version="1.0" encoding="UTF-8" ?>
<testsuite errors="1" failures="0" hostname="MacBook-Pro-di-Giansalvatore.local" name="it.unibas.lunatic.test.mc.mainmemory.TestEmployees" skipped="0" tests="2" time="0.868" timestamp="2014-09-18T14:33:16">
  <properties>
[...]
</properties>
  <testcase classname="it.unibas.lunatic.test.mc.mainmemory.TestEmployees" name="testScenario" time="0.71">
    <error message="Unable to execute formula emp(name: n1, dept: d1, salary: s1, manager: m1), emp(name: n2, dept: d2, salary: s2, manager: m2), (n1 == n2). Formula is not normalized" type="java.lang.IllegalArgumentException">java.lang.IllegalArgumentException: Unable to execute formula emp(name: n1, dept: d1, salary: s1, manager: m1), emp(name: n2, dept: d2, salary: s2, manager: m2), (n1 == n2). Formula is not normalized
	at it.unibas.lunatic.model.algebra.operators.BuildAlgebraTreeForPositiveFormula.addJoins(BuildAlgebraTreeForPositiveFormula.java:188)
	at it.unibas.lunatic.model.algebra.operators.BuildAlgebraTreeForPositiveFormula.buildTreeForPositiveFormula(BuildAlgebraTreeForPositiveFormula.java:42)
	at it.unibas.lunatic.model.algebra.operators.BuildAlgebraTree.buildDeltaTreeForFormulaWithNegations(BuildAlgebraTree.java:40)
	at it.unibas.lunatic.model.algebra.operators.BuildAlgebraTreeForEGD.buildTreeForExtEGDPremise(BuildAlgebraTreeForEGD.java:51)
	at it.unibas.lunatic.model.algebra.operators.BuildAlgebraTreeForEGD.buildTreeForExtEGDPremise(BuildAlgebraTreeForEGD.java:44)
	at it.unibas.lunatic.model.algebra.operators.BuildAlgebraTreeForEGD.buildPremiseAlgebraTreesForEGDs(BuildAlgebraTreeForEGD.java:30)
	at it.unibas.lunatic.model.chase.chasemc.ChaseMCScenario.doChase(ChaseMCScenario.java:90)
	at it.unibas.lunatic.model.chase.chasemc.ChaseMCScenario.doChase(ChaseMCScenario.java:74)
	at it.unibas.lunatic.model.chase.chasemc.ChaseMCScenario.doChase(ChaseMCScenario.java:129)
	at it.unibas.lunatic.test.mc.mainmemory.TestEmployees.testScenario(TestEmployees.java:22)
</error>
  </testcase>
  <testcase classname="it.unibas.lunatic.test.mc.mainmemory.TestEmployees" name="testDummy" time="0.0" />
  <system-out><![CDATA[2014-09-18 16:33:16,668 DEBUG it.unibas.lunatic.test.UtilityTest 
=============================== SCENARIO ================================
Config: 
	DebugMode: false
	IterationLimit: null
	UseLimit1: false
	UseCellGroupsForTGDs: true
	CheckSolutions: false
	CheckSolutionsQuery: false
	CheckGroundSolutions: false
	RemoveDuplicates: true
	RemoveSuspiciousSolutions: true
	CheckAllNodesForEGDSatisfaction: false
	UseSymmetricOptimization: true
	Cache type: GREEDY_JCS_SINGLESTEP
	DeChaser: PROXY_MC_CHASER
Cost manager: 
	Standard	doBackward=true
	doPermutations=true
	chaseTreeSizeThreshold=50
	potentialSolutionsThreshold=50
	dependencyLimit=-1
User manager: 
	Standard
Partial order:
	Standard
Source:
Schema: dataSource {
    Table: md{
        name string
        salary string
        manager string
    }
}
Tables: dataSource {
    Table: md {
        oid: 8 [oid:8, name:Bob, salary:1000, manager:John]
    }
}

Target:
Schema: dataSource {
    Table: emp{
        name string
        dept string
        salary string
        manager string
    }
}
Tables: dataSource {
    Table: emp {
        oid: 21 [oid:21, name:John, dept:Marketing, salary:2000, manager:Carl]
        oid: 26 [oid:26, name:John, dept:Marketing, salary:3000, manager:Carl]
        oid: 31 [oid:31, name:Bob, dept:Marketing, salary:1000, manager:John]
        oid: 36 [oid:36, name:Mark, dept:Staff, salary:1000, manager:Frank]
        oid: 41 [oid:41, name:Frank, dept:Sales, salary:2000, manager:Frank]
        oid: 46 [oid:46, name:Frank, dept:Sales, salary:2500, manager:Frank]
    }
}

Authoritative sources: [md]
================ Extended Egds ===================
e1:
for each n1, d1, s1, m1, n2, d2, s2, m2:
emp(name: n1, dept: d1, salary: s1, manager: m1), emp(name: n2, dept: d2, salary: s2, manager: m2), (n1 == n2) -> 
    (d1 == d2).


2014-09-18 16:33:17,060 DEBUG it.unibas.lunatic.model.algebra.operators.BuildAlgebraTreeForPositiveFormula 
Building tree for formula: emp(name: n1, dept: d1, salary: s1, manager: m1), emp(name: n2, dept: d2, salary: s2, manager: m2), (n1 == n2)
2014-09-18 16:33:17,061 DEBUG it.unibas.lunatic.model.algebra.operators.BuildAlgebraTreeForPositiveFormula 
--Relational atoms: [emp(name: n1, dept: d1, salary: s1, manager: m1), emp(name: n2, dept: d2, salary: s2, manager: m2)]
2014-09-18 16:33:17,062 DEBUG it.unibas.lunatic.model.algebra.operators.BuildAlgebraTreeForPositiveFormula 
--Builtin atoms: []
2014-09-18 16:33:17,062 DEBUG it.unibas.lunatic.model.algebra.operators.BuildAlgebraTreeForPositiveFormula 
--Comparisons: [(n1 == n2)]
2014-09-18 16:33:17,066 DEBUG it.unibas.lunatic.model.algebra.operators.BuildAlgebraTreeForPositiveFormula 
Adding selections for atoms: []
2014-09-18 16:33:17,066 DEBUG it.unibas.lunatic.model.algebra.operators.BuildAlgebraTreeForPositiveFormula 
Adding selections for atoms: [(n1 == n2)]
2014-09-18 16:33:17,068 DEBUG it.unibas.lunatic.model.algebra.operators.BuildAlgebraTreeForPositiveFormula 
Filtering occurrences for variable: n1 in aliases [emp_1, emp_2]
2014-09-18 16:33:17,068 DEBUG it.unibas.lunatic.model.algebra.operators.BuildAlgebraTreeForPositiveFormula 
	Occurrence: n1:emp_1.name
2014-09-18 16:33:17,068 DEBUG it.unibas.lunatic.model.algebra.operators.BuildAlgebraTreeForPositiveFormula 
Filtering result occurrences for variable: [emp_1.name]
2014-09-18 16:33:17,068 DEBUG it.unibas.lunatic.model.algebra.operators.BuildAlgebraTreeForPositiveFormula 
Occurrences for variable n1: [emp_1.name]
2014-09-18 16:33:17,068 DEBUG it.unibas.lunatic.model.algebra.operators.BuildAlgebraTreeForPositiveFormula 
Filtering occurrences for variable: d1 in aliases [emp_1, emp_2]
2014-09-18 16:33:17,068 DEBUG it.unibas.lunatic.model.algebra.operators.BuildAlgebraTreeForPositiveFormula 
	Occurrence: d1:emp_1.dept
2014-09-18 16:33:17,069 DEBUG it.unibas.lunatic.model.algebra.operators.BuildAlgebraTreeForPositiveFormula 
Filtering result occurrences for variable: [emp_1.dept]
2014-09-18 16:33:17,069 DEBUG it.unibas.lunatic.model.algebra.operators.BuildAlgebraTreeForPositiveFormula 
Occurrences for variable d1: [emp_1.dept]
2014-09-18 16:33:17,069 DEBUG it.unibas.lunatic.model.algebra.operators.BuildAlgebraTreeForPositiveFormula 
Filtering occurrences for variable: s1 in aliases [emp_1, emp_2]
2014-09-18 16:33:17,069 DEBUG it.unibas.lunatic.model.algebra.operators.BuildAlgebraTreeForPositiveFormula 
	Occurrence: s1:emp_1.salary
2014-09-18 16:33:17,069 DEBUG it.unibas.lunatic.model.algebra.operators.BuildAlgebraTreeForPositiveFormula 
Filtering result occurrences for variable: [emp_1.salary]
2014-09-18 16:33:17,069 DEBUG it.unibas.lunatic.model.algebra.operators.BuildAlgebraTreeForPositiveFormula 
Occurrences for variable s1: [emp_1.salary]
2014-09-18 16:33:17,069 DEBUG it.unibas.lunatic.model.algebra.operators.BuildAlgebraTreeForPositiveFormula 
Filtering occurrences for variable: m1 in aliases [emp_1, emp_2]
2014-09-18 16:33:17,069 DEBUG it.unibas.lunatic.model.algebra.operators.BuildAlgebraTreeForPositiveFormula 
	Occurrence: m1:emp_1.manager
2014-09-18 16:33:17,069 DEBUG it.unibas.lunatic.model.algebra.operators.BuildAlgebraTreeForPositiveFormula 
Filtering result occurrences for variable: [emp_1.manager]
2014-09-18 16:33:17,069 DEBUG it.unibas.lunatic.model.algebra.operators.BuildAlgebraTreeForPositiveFormula 
Occurrences for variable m1: [emp_1.manager]
2014-09-18 16:33:17,069 DEBUG it.unibas.lunatic.model.algebra.operators.BuildAlgebraTreeForPositiveFormula 
Filtering occurrences for variable: n2 in aliases [emp_1, emp_2]
2014-09-18 16:33:17,069 DEBUG it.unibas.lunatic.model.algebra.operators.BuildAlgebraTreeForPositiveFormula 
	Occurrence: n2:emp_2.name
2014-09-18 16:33:17,069 DEBUG it.unibas.lunatic.model.algebra.operators.BuildAlgebraTreeForPositiveFormula 
Filtering result occurrences for variable: [emp_2.name]
2014-09-18 16:33:17,069 DEBUG it.unibas.lunatic.model.algebra.operators.BuildAlgebraTreeForPositiveFormula 
Occurrences for variable n2: [emp_2.name]
2014-09-18 16:33:17,069 DEBUG it.unibas.lunatic.model.algebra.operators.BuildAlgebraTreeForPositiveFormula 
Filtering occurrences for variable: d2 in aliases [emp_1, emp_2]
2014-09-18 16:33:17,069 DEBUG it.unibas.lunatic.model.algebra.operators.BuildAlgebraTreeForPositiveFormula 
	Occurrence: d2:emp_2.dept
2014-09-18 16:33:17,069 DEBUG it.unibas.lunatic.model.algebra.operators.BuildAlgebraTreeForPositiveFormula 
Filtering result occurrences for variable: [emp_2.dept]
2014-09-18 16:33:17,069 DEBUG it.unibas.lunatic.model.algebra.operators.BuildAlgebraTreeForPositiveFormula 
Occurrences for variable d2: [emp_2.dept]
2014-09-18 16:33:17,069 DEBUG it.unibas.lunatic.model.algebra.operators.BuildAlgebraTreeForPositiveFormula 
Filtering occurrences for variable: s2 in aliases [emp_1, emp_2]
2014-09-18 16:33:17,069 DEBUG it.unibas.lunatic.model.algebra.operators.BuildAlgebraTreeForPositiveFormula 
	Occurrence: s2:emp_2.salary
2014-09-18 16:33:17,069 DEBUG it.unibas.lunatic.model.algebra.operators.BuildAlgebraTreeForPositiveFormula 
Filtering result occurrences for variable: [emp_2.salary]
2014-09-18 16:33:17,069 DEBUG it.unibas.lunatic.model.algebra.operators.BuildAlgebraTreeForPositiveFormula 
Occurrences for variable s2: [emp_2.salary]
2014-09-18 16:33:17,070 DEBUG it.unibas.lunatic.model.algebra.operators.BuildAlgebraTreeForPositiveFormula 
Filtering occurrences for variable: m2 in aliases [emp_1, emp_2]
2014-09-18 16:33:17,070 DEBUG it.unibas.lunatic.model.algebra.operators.BuildAlgebraTreeForPositiveFormula 
	Occurrence: m2:emp_2.manager
2014-09-18 16:33:17,070 DEBUG it.unibas.lunatic.model.algebra.operators.BuildAlgebraTreeForPositiveFormula 
Filtering result occurrences for variable: [emp_2.manager]
2014-09-18 16:33:17,070 DEBUG it.unibas.lunatic.model.algebra.operators.BuildAlgebraTreeForPositiveFormula 
Occurrences for variable m2: [emp_2.manager]
2014-09-18 16:33:17,070 DEBUG it.unibas.lunatic.model.algebra.operators.BuildAlgebraTreeForPositiveFormula 
Equality generating variables: []
2014-09-18 16:33:17,070 DEBUG it.unibas.lunatic.model.algebra.operators.BuildAlgebraTreeForPositiveFormula 
Join equalities: []
2014-09-18 16:33:17,070 DEBUG it.unibas.lunatic.model.algebra.operators.BuildAlgebraTreeForPositiveFormula 
Added table aliases: []
2014-09-18 16:33:17,070 DEBUG it.unibas.lunatic.model.algebra.operators.BuildAlgebraTreeForPositiveFormula 
Atoms in formula: [emp(name: n1, dept: d1, salary: s1, manager: m1), emp(name: n2, dept: d2, salary: s2, manager: m2)]
]]></system-out>
  <system-err><![CDATA[]]></system-err>
</testsuite>
